<?xml version="1.0" encoding="UTF-8"?>
<coverage generated="1781816245442" clover="3.2.0">
  <project timestamp="1781816245443" name="All files">
    <metrics statements="24" coveredstatements="24" conditionals="22" coveredconditionals="18" methods="17" coveredmethods="17" elements="63" coveredelements="59" complexity="0" loc="24" ncloc="24" packages="1" files="4" classes="4"/>
    <file name="calculations.js" path="C:\Users\andres\Desktop\CineVip-Pos-Front\CineVip-POS-FrontEnd\src\utils\calculations.js">
      <metrics statements="5" coveredstatements="5" conditionals="4" coveredconditionals="4" methods="7" coveredmethods="7"/>
      <line num="2" count="4" type="cond" truecount="2" falsecount="0"/>
      <line num="6" count="2" type="stmt"/>
      <line num="10" count="2" type="stmt"/>
      <line num="14" count="3" type="stmt"/>
      <line num="18" count="3" type="cond" truecount="2" falsecount="0"/>
    </file>
    <file name="dateUtils.js" path="C:\Users\andres\Desktop\CineVip-Pos-Front\CineVip-POS-FrontEnd\src\utils\dateUtils.js">
      <metrics statements="8" coveredstatements="8" conditionals="6" coveredconditionals="5" methods="3" coveredmethods="3"/>
      <line num="2" count="3" type="cond" truecount="2" falsecount="0"/>
      <line num="3" count="2" type="cond" truecount="2" falsecount="0"/>
      <line num="4" count="1" type="stmt"/>
      <line num="5" count="1" type="cond" truecount="1" falsecount="1"/>
      <line num="6" count="2" type="stmt"/>
      <line num="7" count="1" type="stmt"/>
      <line num="9" count="1" type="stmt"/>
      <line num="13" count="1" type="stmt"/>
    </file>
    <file name="peliculaUtils.js" path="C:\Users\andres\Desktop\CineVip-Pos-Front\CineVip-POS-FrontEnd\src\utils\peliculaUtils.js">
      <metrics statements="8" coveredstatements="8" conditionals="10" coveredconditionals="7" methods="2" coveredmethods="2"/>
      <line num="2" count="2" type="cond" truecount="6" falsecount="2"/>
      <line num="6" count="2" type="stmt"/>
      <line num="7" count="2" type="stmt"/>
      <line num="8" count="2" type="stmt"/>
      <line num="9" count="2" type="stmt"/>
      <line num="10" count="2" type="cond" truecount="1" falsecount="1"/>
      <line num="11" count="2" type="stmt"/>
      <line num="12" count="2" type="stmt"/>
    </file>
    <file name="seatUtils.js" path="C:\Users\andres\Desktop\CineVip-Pos-Front\CineVip-POS-FrontEnd\src\utils\seatUtils.js">
      <metrics statements="3" coveredstatements="3" conditionals="2" coveredconditionals="2" methods="5" coveredmethods="5"/>
      <line num="2" count="5" type="stmt"/>
      <line num="6" count="3" type="cond" truecount="2" falsecount="0"/>
      <line num="7" count="1" type="stmt"/>
    </file>
  </project>
</coverage>
