{"C:\\Users\\andres\\Desktop\\CineVip-Pos-Front\\CineVip-POS-FrontEnd\\src\\utils\\calculations.js": {"path":"C:\\Users\\andres\\Desktop\\CineVip-Pos-Front\\CineVip-POS-FrontEnd\\src\\utils\\calculations.js","statementMap":{"0":{"start":{"line":2,"column":2},"end":{"line":2,"column":null}},"1":{"start":{"line":2,"column":34},"end":{"line":2,"column":70}},"2":{"start":{"line":6,"column":2},"end":{"line":6,"column":null}},"3":{"start":{"line":10,"column":2},"end":{"line":10,"column":null}},"4":{"start":{"line":14,"column":2},"end":{"line":14,"column":null}},"5":{"start":{"line":14,"column":34},"end":{"line":14,"column":52}},"6":{"start":{"line":18,"column":2},"end":{"line":18,"column":null}}},"fnMap":{"0":{"name":"calcSubtotal","decl":{"start":{"line":1,"column":16},"end":{"line":1,"column":29}},"loc":{"start":{"line":1,"column":36},"end":{"line":3,"column":null}},"line":1},"1":{"name":"(anonymous_1)","decl":{"start":{"line":2,"column":15},"end":{"line":2,"column":23}},"loc":{"start":{"line":2,"column":34},"end":{"line":2,"column":70}},"line":2},"2":{"name":"calcPropina","decl":{"start":{"line":5,"column":16},"end":{"line":5,"column":28}},"loc":{"start":{"line":5,"column":50},"end":{"line":7,"column":null}},"line":5},"3":{"name":"calcTotal","decl":{"start":{"line":9,"column":16},"end":{"line":9,"column":26}},"loc":{"start":{"line":9,"column":45},"end":{"line":11,"column":null}},"line":9},"4":{"name":"calcTotalItems","decl":{"start":{"line":13,"column":16},"end":{"line":13,"column":31}},"loc":{"start":{"line":13,"column":38},"end":{"line":15,"column":null}},"line":13},"5":{"name":"(anonymous_5)","decl":{"start":{"line":14,"column":15},"end":{"line":14,"column":23}},"loc":{"start":{"line":14,"column":34},"end":{"line":14,"column":52}},"line":14},"6":{"name":"calcTicketTotal","decl":{"start":{"line":17,"column":16},"end":{"line":17,"column":32}},"loc":{"start":{"line":17,"column":51},"end":{"line":19,"column":null}},"line":17}},"branchMap":{"0":{"loc":{"start":{"line":2,"column":41},"end":{"line":2,"column":58}},"type":"binary-expr","locations":[{"start":{"line":2,"column":41},"end":{"line":2,"column":53}},{"start":{"line":2,"column":53},"end":{"line":2,"column":58}}],"line":2},"1":{"loc":{"start":{"line":18,"column":22},"end":{"line":18,"column":null}},"type":"binary-expr","locations":[{"start":{"line":18,"column":22},"end":{"line":18,"column":32}},{"start":{"line":18,"column":32},"end":{"line":18,"column":null}}],"line":18}},"s":{"0":3,"1":4,"2":2,"3":2,"4":2,"5":3,"6":3},"f":{"0":3,"1":4,"2":2,"3":2,"4":2,"5":3,"6":3},"b":{"0":[4,1],"1":[3,1]},"meta":{"lastBranch":2,"lastFunction":7,"lastStatement":7,"seen":{"f:1:16:1:29":0,"s:2:2:2:Infinity":0,"f:2:15:2:23":1,"s:2:34:2:70":1,"b:2:41:2:53:2:53:2:58":0,"f:5:16:5:28":2,"s:6:2:6:Infinity":2,"f:9:16:9:26":3,"s:10:2:10:Infinity":3,"f:13:16:13:31":4,"s:14:2:14:Infinity":4,"f:14:15:14:23":5,"s:14:34:14:52":5,"f:17:16:17:32":6,"s:18:2:18:Infinity":6,"b:18:22:18:32:18:32:18:Infinity":1},"fnNames":{}}}
,"C:\\Users\\andres\\Desktop\\CineVip-Pos-Front\\CineVip-POS-FrontEnd\\src\\utils\\dateUtils.js": {"path":"C:\\Users\\andres\\Desktop\\CineVip-Pos-Front\\CineVip-POS-FrontEnd\\src\\utils\\dateUtils.js","statementMap":{"0":{"start":{"line":2,"column":2},"end":{"line":2,"column":null}},"1":{"start":{"line":2,"column":12},"end":{"line":2,"column":null}},"2":{"start":{"line":3,"column":2},"end":{"line":8,"column":null}},"3":{"start":{"line":4,"column":14},"end":{"line":4,"column":null}},"4":{"start":{"line":5,"column":4},"end":{"line":5,"column":null}},"5":{"start":{"line":5,"column":28},"end":{"line":5,"column":null}},"6":{"start":{"line":6,"column":10},"end":{"line":6,"column":null}},"7":{"start":{"line":6,"column":21},"end":{"line":6,"column":null}},"8":{"start":{"line":7,"column":4},"end":{"line":7,"column":null}},"9":{"start":{"line":9,"column":2},"end":{"line":9,"column":null}},"10":{"start":{"line":13,"column":2},"end":{"line":13,"column":null}}},"fnMap":{"0":{"name":"formatHorarioDisplay","decl":{"start":{"line":1,"column":16},"end":{"line":1,"column":37}},"loc":{"start":{"line":1,"column":52},"end":{"line":10,"column":null}},"line":1},"1":{"name":"(anonymous_1)","decl":{"start":{"line":6,"column":10},"end":{"line":6,"column":16}},"loc":{"start":{"line":6,"column":21},"end":{"line":6,"column":null}},"line":6},"2":{"name":"getTodayDate","decl":{"start":{"line":12,"column":16},"end":{"line":12,"column":31}},"loc":{"start":{"line":12,"column":31},"end":{"line":14,"column":null}},"line":12}},"branchMap":{"0":{"loc":{"start":{"line":2,"column":2},"end":{"line":2,"column":null}},"type":"if","locations":[{"start":{"line":2,"column":2},"end":{"line":2,"column":null}},{"start":{},"end":{}}],"line":2},"1":{"loc":{"start":{"line":3,"column":2},"end":{"line":8,"column":null}},"type":"if","locations":[{"start":{"line":3,"column":2},"end":{"line":8,"column":null}},{"start":{},"end":{}}],"line":3},"2":{"loc":{"start":{"line":5,"column":4},"end":{"line":5,"column":null}},"type":"if","locations":[{"start":{"line":5,"column":4},"end":{"line":5,"column":null}},{"start":{},"end":{}}],"line":5}},"s":{"0":3,"1":1,"2":2,"3":1,"4":1,"5":0,"6":1,"7":2,"8":1,"9":1,"10":1},"f":{"0":3,"1":2,"2":1},"b":{"0":[1,2],"1":[1,1],"2":[0,1]},"meta":{"lastBranch":3,"lastFunction":3,"lastStatement":11,"seen":{"f:1:16:1:37":0,"b:2:2:2:Infinity:undefined:undefined:undefined:undefined":0,"s:2:2:2:Infinity":0,"s:2:12:2:Infinity":1,"b:3:2:8:Infinity:undefined:undefined:undefined:undefined":1,"s:3:2:8:Infinity":2,"s:4:14:4:Infinity":3,"b:5:4:5:Infinity:undefined:undefined:undefined:undefined":2,"s:5:4:5:Infinity":4,"s:5:28:5:Infinity":5,"s:6:10:6:Infinity":6,"f:6:10:6:16":1,"s:6:21:6:Infinity":7,"s:7:4:7:Infinity":8,"s:9:2:9:Infinity":9,"f:12:16:12:31":2,"s:13:2:13:Infinity":10},"fnNames":{}}}
,"C:\\Users\\andres\\Desktop\\CineVip-Pos-Front\\CineVip-POS-FrontEnd\\src\\utils\\peliculaUtils.js": {"path":"C:\\Users\\andres\\Desktop\\CineVip-Pos-Front\\CineVip-POS-FrontEnd\\src\\utils\\peliculaUtils.js","statementMap":{"0":{"start":{"line":2,"column":2},"end":{"line":2,"column":null}},"1":{"start":{"line":6,"column":15},"end":{"line":6,"column":null}},"2":{"start":{"line":7,"column":2},"end":{"line":7,"column":null}},"3":{"start":{"line":8,"column":2},"end":{"line":8,"column":null}},"4":{"start":{"line":9,"column":2},"end":{"line":9,"column":null}},"5":{"start":{"line":10,"column":2},"end":{"line":10,"column":null}},"6":{"start":{"line":11,"column":2},"end":{"line":11,"column":null}},"7":{"start":{"line":12,"column":2},"end":{"line":12,"column":null}}},"fnMap":{"0":{"name":"normalizePelicula","decl":{"start":{"line":1,"column":16},"end":{"line":1,"column":34}},"loc":{"start":{"line":1,"column":37},"end":{"line":3,"column":null}},"line":1},"1":{"name":"toBackendPelicula","decl":{"start":{"line":5,"column":16},"end":{"line":5,"column":34}},"loc":{"start":{"line":5,"column":37},"end":{"line":13,"column":null}},"line":5}},"branchMap":{"0":{"loc":{"start":{"line":2,"column":21},"end":{"line":2,"column":36}},"type":"binary-expr","locations":[{"start":{"line":2,"column":21},"end":{"line":2,"column":30}},{"start":{"line":2,"column":30},"end":{"line":2,"column":36}}],"line":2},"1":{"loc":{"start":{"line":2,"column":44},"end":{"line":2,"column":66}},"type":"binary-expr","locations":[{"start":{"line":2,"column":44},"end":{"line":2,"column":56}},{"start":{"line":2,"column":56},"end":{"line":2,"column":66}}],"line":2},"2":{"loc":{"start":{"line":2,"column":74},"end":{"line":2,"column":133}},"type":"binary-expr","locations":[{"start":{"line":2,"column":74},"end":{"line":2,"column":87}},{"start":{"line":2,"column":87},"end":{"line":2,"column":133}}],"line":2},"3":{"loc":{"start":{"line":2,"column":87},"end":{"line":2,"column":133}},"type":"cond-expr","locations":[{"start":{"line":2,"column":114},"end":{"line":2,"column":129}},{"start":{"line":2,"column":129},"end":{"line":2,"column":133}}],"line":2},"4":{"loc":{"start":{"line":10,"column":17},"end":{"line":10,"column":null}},"type":"cond-expr","locations":[{"start":{"line":10,"column":31},"end":{"line":10,"column":47}},{"start":{"line":10,"column":47},"end":{"line":10,"column":null}}],"line":10}},"s":{"0":2,"1":2,"2":2,"3":2,"4":2,"5":2,"6":2,"7":2},"f":{"0":2,"1":2},"b":{"0":[2,0],"1":[2,0],"2":[2,2],"3":[1,1],"4":[2,0]},"meta":{"lastBranch":5,"lastFunction":2,"lastStatement":8,"seen":{"f:1:16:1:34":0,"s:2:2:2:Infinity":0,"b:2:21:2:30:2:30:2:36":0,"b:2:44:2:56:2:56:2:66":1,"b:2:74:2:87:2:87:2:133":2,"b:2:114:2:129:2:129:2:133":3,"f:5:16:5:34":1,"s:6:15:6:Infinity":1,"s:7:2:7:Infinity":2,"s:8:2:8:Infinity":3,"s:9:2:9:Infinity":4,"s:10:2:10:Infinity":5,"b:10:31:10:47:10:47:10:Infinity":4,"s:11:2:11:Infinity":6,"s:12:2:12:Infinity":7},"fnNames":{}}}
,"C:\\Users\\andres\\Desktop\\CineVip-Pos-Front\\CineVip-POS-FrontEnd\\src\\utils\\seatUtils.js": {"path":"C:\\Users\\andres\\Desktop\\CineVip-Pos-Front\\CineVip-POS-FrontEnd\\src\\utils\\seatUtils.js","statementMap":{"0":{"start":{"line":2,"column":2},"end":{"line":2,"column":null}},"1":{"start":{"line":2,"column":30},"end":{"line":2,"column":39}},"2":{"start":{"line":2,"column":50},"end":{"line":2,"column":72}},"3":{"start":{"line":6,"column":2},"end":{"line":6,"column":null}},"4":{"start":{"line":6,"column":30},"end":{"line":6,"column":null}},"5":{"start":{"line":6,"column":55},"end":{"line":6,"column":67}},"6":{"start":{"line":7,"column":2},"end":{"line":7,"column":null}}},"fnMap":{"0":{"name":"extractOccupiedSeatIds","decl":{"start":{"line":1,"column":16},"end":{"line":1,"column":39}},"loc":{"start":{"line":1,"column":49},"end":{"line":3,"column":null}},"line":1},"1":{"name":"(anonymous_1)","decl":{"start":{"line":2,"column":18},"end":{"line":2,"column":25}},"loc":{"start":{"line":2,"column":30},"end":{"line":2,"column":39}},"line":2},"2":{"name":"(anonymous_2)","decl":{"start":{"line":2,"column":41},"end":{"line":2,"column":45}},"loc":{"start":{"line":2,"column":50},"end":{"line":2,"column":72}},"line":2},"3":{"name":"toggleSeatInList","decl":{"start":{"line":5,"column":16},"end":{"line":5,"column":33}},"loc":{"start":{"line":5,"column":48},"end":{"line":8,"column":null}},"line":5},"4":{"name":"(anonymous_4)","decl":{"start":{"line":6,"column":43},"end":{"line":6,"column":50}},"loc":{"start":{"line":6,"column":55},"end":{"line":6,"column":67}},"line":6}},"branchMap":{"0":{"loc":{"start":{"line":6,"column":2},"end":{"line":6,"column":null}},"type":"if","locations":[{"start":{"line":6,"column":2},"end":{"line":6,"column":null}},{"start":{},"end":{}}],"line":6}},"s":{"0":2,"1":5,"2":2,"3":2,"4":1,"5":3,"6":1},"f":{"0":2,"1":5,"2":2,"3":2,"4":3},"b":{"0":[1,1]},"meta":{"lastBranch":1,"lastFunction":5,"lastStatement":7,"seen":{"f:1:16:1:39":0,"s:2:2:2:Infinity":0,"f:2:18:2:25":1,"s:2:30:2:39":1,"f:2:41:2:45":2,"s:2:50:2:72":2,"f:5:16:5:33":3,"b:6:2:6:Infinity:undefined:undefined:undefined:undefined":0,"s:6:2:6:Infinity":3,"s:6:30:6:Infinity":4,"f:6:43:6:50":4,"s:6:55:6:67":5,"s:7:2:7:Infinity":6},"fnNames":{}}}
}
